<?xml version="1.0" encoding="UTF-8" ?>
<testsuite tests="1" failures="0" name="com.example.service.Test_ExampleService" time="0.309" errors="0" skipped="0">
  <properties>
    <property name="java.vendor" value="IBM Corporation"/>
    <property name="sun.java.launcher" value="SUN_STANDARD"/>
    <property name="os.name" value="Windows 10"/>
    <property name="sun.boot.class.path" value="C:\Program Files (x86)\IBM\WebSphere\AppServer\java\jre\bin\compressedrefs\jclSC180\vm.jar;C:\Program Files (x86)\IBM\WebSphere\AppServer\java\jre\lib\se-service.jar;C:\Program Files (x86)\IBM\WebSphere\AppServer\java\jre\lib\cuda4j.jar;C:\Program Files (x86)\IBM\WebSphere\AppServer\java\jre\lib\math.jar;C:\Program Files (x86)\IBM\WebSphere\AppServer\java\jre\lib\ibmorb.jar;C:\Program Files (x86)\IBM\WebSphere\AppServer\java\jre\lib\ibmorbapi.jar;C:\Program Files (x86)\IBM\WebSphere\AppServer\java\jre\lib\ibmcfw.jar;C:\Program Files (x86)\IBM\WebSphere\AppServer\java\jre\lib\ibmpkcs.jar;C:\Program Files (x86)\IBM\WebSphere\AppServer\java\jre\lib\ibmcertpathfw.jar;C:\Program Files (x86)\IBM\WebSphere\AppServer\java\jre\lib\ibmjgssfw.jar;C:\Program Files (x86)\IBM\WebSphere\AppServer\java\jre\lib\ibmjssefw.jar;C:\Program Files (x86)\IBM\WebSphere\AppServer\java\jre\lib\ibmsaslfw.jar;C:\Program Files (x86)\IBM\WebSphere\AppServer\java\jre\lib\ibmjcefw.jar;C:\Program Files (x86)\IBM\WebSphere\AppServer\java\jre\lib\ibmjgssprovider.jar;C:\Program Files (x86)\IBM\WebSphere\AppServer\java\jre\lib\ibmjsseprovider2.jar;C:\Program Files (x86)\IBM\WebSphere\AppServer\java\jre\lib\ibmcertpathprovider.jar;C:\Program Files (x86)\IBM\WebSphere\AppServer\java\jre\lib\xmldsigfw.jar;C:\Program Files (x86)\IBM\WebSphere\AppServer\java\jre\lib\xml.jar;C:\Program Files (x86)\IBM\WebSphere\AppServer\java\jre\lib\charsets.jar;C:\Program Files (x86)\IBM\WebSphere\AppServer\java\jre\lib\resources.jar;C:\Program Files (x86)\IBM\WebSphere\AppServer\java\jre\lib\rt.jar;C:\Program Files (x86)\IBM\WebSphere\AppServer\java\jre\lib\dataaccess.jar"/>
    <property name="sun.desktop" value="windows"/>
    <property name="java.vm.specification.vendor" value="Oracle Corporation"/>
    <property name="net.sourceforge.cobertura.datafile" value="C:\Users\Richard\eclipse-workspace\yaven-1\module-ejb\target\cobertura\cobertura.ser"/>
    <property name="java.runtime.version" value="8.0.5.6 - pwa6480sr5fp6-20171124_02(SR5 FP6)"/>
    <property name="user.name" value="Richard"/>
    <property name="java.compiler" value="j9jit29"/>
    <property name="os.encoding" value="UTF8"/>
    <property name="guice.disable.misplaced.annotation.check" value="true"/>
    <property name="com.ibm.util.extralibs.properties" value=""/>
    <property name="com.ibm.jcl.checkClassPath" value=""/>
    <property name="user.language" value="en"/>
    <property name="com.ibm.oti.vm.bootstrap.library.path" value="C:\Program Files (x86)\IBM\WebSphere\AppServer\java\jre\bin\compressedrefs;C:\Program Files (x86)\IBM\WebSphere\AppServer\java\jre\bin"/>
    <property name="sun.boot.library.path" value="C:\Program Files (x86)\IBM\WebSphere\AppServer\java\jre\bin\compressedrefs;C:\Program Files (x86)\IBM\WebSphere\AppServer\java\jre\bin"/>
    <property name="classworlds.conf" value="C:\Users\Richard\eclipse-workspace\.metadata\.plugins\org.eclipse.m2e.launching\launches\m2conf1524335810318740223.tmp"/>
    <property name="java.version" value="1.8.0_151"/>
    <property name="user.timezone" value="Europe/London"/>
    <property name="com.ibm.system.agent.path" value="C:\Program Files (x86)\IBM\WebSphere\AppServer\java\jre\bin"/>
    <property name="sun.arch.data.model" value="64"/>
    <property name="com.ibm.zero.version" value="2"/>
    <property name="java.endorsed.dirs" value="C:\Program Files (x86)\IBM\WebSphere\AppServer\java\jre\lib\endorsed"/>
    <property name="com.ibm.oti.vm.library.version" value="29"/>
    <property name="sun.jnu.encoding" value="Cp1252"/>
    <property name="file.encoding.pkg" value="sun.io"/>
    <property name="file.separator" value="\"/>
    <property name="java.specification.name" value="Java Platform API Specification"/>
    <property name="java.class.version" value="52.0"/>
    <property name="user.country" value="GB"/>
    <property name="java.home" value="C:\Program Files (x86)\IBM\WebSphere\AppServer\java\jre"/>
    <property name="java.vm.info" value="JRE 1.8.0 Windows 10 amd64-64 Compressed References 20171122_371101 (JIT enabled, AOT enabled)
OpenJ9   - 8e3c85d
OMR      - 713f08e
IBM      - c041ee8"/>
    <property name="os.version" value="10.0"/>
    <property name="java.awt.fonts" value=""/>
    <property name="path.separator" value=";"/>
    <property name="java.vm.version" value="2.9"/>
    <property name="user.variant" value=""/>
    <property name="java.awt.printerjob" value="sun.awt.windows.WPrinterJob"/>
    <property name="sun.io.unicode.encoding" value="UnicodeLittle"/>
    <property name="awt.toolkit" value="sun.awt.windows.WToolkit"/>
    <property name="ibm.signalhandling.sigint" value="true"/>
    <property name="project.build.outputDirectory" value="C:\Users\Richard\eclipse-workspace\yaven-1\module-ejb\target\generated-classes\cobertura"/>
    <property name="user.home" value="C:\Users\Richard"/>
    <property name="com.ibm.cpu.endian" value="little"/>
    <property name="java.specification.vendor" value="Oracle Corporation"/>
    <property name="ibm.signalhandling.sigchain" value="true"/>
    <property name="java.library.path" value="C:\Program Files (x86)\IBM\WebSphere\AppServer\java\jre\bin\compressedrefs;C:\Program Files (x86)\IBM\WebSphere\AppServer\java\jre\bin;C:\WINDOWS\system32;C:\WINDOWS;C:/Program Files/Java/jre1.8.0_172/bin/server;C:/Program Files/Java/jre1.8.0_172/bin;C:/Program Files/Java/jre1.8.0_172/lib/amd64;C:\Program Files (x86)\Common Files\Oracle\Java\javapath;C:\ProgramData\Oracle\Java\javapath;C:\WINDOWS\system32;C:\WINDOWS;C:\WINDOWS\System32\Wbem;C:\WINDOWS\System32\WindowsPowerShell\v1.0\;C:\WINDOWS\system32\config\systemprofile\.dnx\bin;C:\Program Files\Microsoft DNX\Dnvm\;C:\Program Files\Git\cmd;C:\Program Files\Git\mingw64\bin;C:\Program Files\Git\usr\bin;C:\Users\Richard\AppData\Local\Microsoft\WindowsApps;C:\Users\Richard\AppData\Local\GitHubDesktop\bin;C:\eclipse\oxygen;;."/>
    <property name="java.vendor.url" value="http://www.ibm.com"/>
    <property name="java.vm.vendor" value="IBM Corporation"/>
    <property name="java.fullversion" value="8.0.5.6 - pwa6480sr5fp6-20171124_02(SR5 FP6)
JRE 1.8.0 IBM J9 2.9 Windows 10 amd64-64 Compressed References 20171122_371101 (JIT enabled, AOT enabled)
OpenJ9   - 8e3c85d
OMR      - 713f08e
IBM      - c041ee8"/>
    <property name="maven.home" value="C:\Users\Richard\eclipse-workspace\yaven-1\EMBEDDED"/>
    <property name="java.runtime.name" value="Java(TM) SE Runtime Environment"/>
    <property name="sun.java.command" value="org.codehaus.plexus.classworlds.launcher.Launcher -B site"/>
    <property name="java.class.path" value="C:\eclipse\oxygen\plugins\org.eclipse.m2e.maven.runtime_1.8.2.20171007-0216\jars\plexus-classworlds-2.5.2.jar"/>
    <property name="java.vm.specification.name" value="Java Virtual Machine Specification"/>
    <property name="java.vm.specification.version" value="1.8"/>
    <property name="sun.cpu.endian" value="little"/>
    <property name="java.io.tmpdir" value="C:\Users\Richard\AppData\Local\Temp\"/>
    <property name="maven.multiModuleProjectDirectory" value="C:\Users\Richard\eclipse-workspace\yaven-1"/>
    <property name="ibm.system.encoding" value="Cp1252"/>
    <property name="os.arch" value="amd64"/>
    <property name="java.awt.graphicsenv" value="sun.awt.Win32GraphicsEnvironment"/>
    <property name="ibm.signalhandling.rs" value="false"/>
    <property name="java.ext.dirs" value="C:\Program Files (x86)\IBM\WebSphere\AppServer\java\jre\lib\ext"/>
    <property name="user.dir" value="C:\Users\Richard\eclipse-workspace\yaven-1"/>
    <property name="line.separator" value="
"/>
    <property name="java.vm.name" value="IBM J9 VM"/>
    <property name="com.ibm.oti.shared.enabled" value="false"/>
    <property name="com.ibm.vm.bitmode" value="64"/>
    <property name="file.encoding" value="Cp1252"/>
    <property name="com.ibm.oti.configuration" value="scar"/>
    <property name="java.specification.version" value="1.8"/>
  </properties>
  <testcase classname="com.example.service.Test_ExampleService" name="testWhoAmI" time="0.309"/>
</testsuite>